<?xml version="1.0" encoding="UTF-8"?>
<testsuite name="com.SWEProject.BackEnd.addOn.AddOnTest" tests="1" skipped="0" failures="0" errors="0" timestamp="2023-11-22T07:09:11" hostname="jeongseong-yeobs-MacBook-Pro.local" time="0.066">
  <properties/>
  <testcase name="이동 경로 중 문제 발생 / 오작동 없는 경우" classname="com.SWEProject.BackEnd.addOn.AddOnTest" time="0.066"/>
  <system-out><![CDATA[현재 위치 : (2, 3)
목표 위치 : (2, 3)
============
현재 위치 : (2, 3)
목표 위치 : (2, 4)
============
현재 위치 : (2, 4)
목표 위치 : (3, 4)
============
현재 위치 : (3, 4)
목표 위치 : (4, 4)
============
(3, 4)
(2, 4)
(3, 4)
(3, 3)
(4, 3)
(5, 3)
(6, 3)
(7, 3)
(7, 4)
(7, 5)
(7, 6)
(7, 7)
(7, 8)
(8, 8)
(8, 9)
(8, 10)
현재 위치 : (3, 4)
목표 위치 : (3, 4)
============
현재 위치 : (3, 4)
목표 위치 : (2, 4)
============
현재 위치 : (2, 4)
목표 위치 : (3, 4)
============
현재 위치 : (3, 4)
목표 위치 : (3, 3)
============
현재 위치 : (3, 3)
목표 위치 : (4, 3)
============
현재 위치 : (4, 3)
목표 위치 : (5, 3)
============
현재 위치 : (5, 3)
목표 위치 : (6, 3)
============
현재 위치 : (6, 3)
목표 위치 : (7, 3)
============
현재 위치 : (7, 3)
목표 위치 : (7, 4)
============
현재 위치 : (7, 4)
목표 위치 : (7, 5)
============
(7, 4)
(8, 4)
(7, 4)
(6, 4)
(6, 5)
(6, 6)
(7, 6)
(7, 7)
(7, 8)
(8, 8)
(8, 9)
(8, 10)
현재 위치 : (7, 4)
목표 위치 : (7, 4)
============
현재 위치 : (7, 4)
목표 위치 : (8, 4)
============
현재 위치 : (8, 4)
목표 위치 : (7, 4)
============
현재 위치 : (7, 4)
목표 위치 : (6, 4)
============
현재 위치 : (6, 4)
목표 위치 : (6, 5)
============
현재 위치 : (6, 5)
목표 위치 : (6, 6)
============
현재 위치 : (6, 6)
목표 위치 : (7, 6)
============
현재 위치 : (7, 6)
목표 위치 : (7, 7)
============
현재 위치 : (7, 7)
목표 위치 : (7, 8)
============
현재 위치 : (7, 8)
목표 위치 : (8, 8)
============
현재 위치 : (8, 8)
목표 위치 : (8, 9)
============
]]></system-out>
  <system-err><![CDATA[]]></system-err>
</testsuite>
