<?xml version="1.0" encoding="UTF-8"?>
<testsuite name="com.SWEProject.BackEnd.model.ConverterTest" tests="1" skipped="0" failures="0" errors="0" timestamp="2023-11-27T07:20:52" hostname="jeongseong-yeobs-MacBook-Pro.local" time="0.008">
  <properties/>
  <testcase name="[1] input=(4 5)" classname="com.SWEProject.BackEnd.model.ConverterTest" time="0.008"/>
  <system-out><![CDATA[]]></system-out>
  <system-err><![CDATA[]]></system-err>
</testsuite>
