<?xml version="1.0" encoding="UTF-8"?>
<testsuite name="com.SWEProject.BackEnd.addOn.AddOnTest" tests="3" skipped="0" failures="0" errors="0" timestamp="2023-11-27T07:20:52" hostname="jeongseong-yeobs-MacBook-Pro.local" time="0.025">
  <properties/>
  <testcase name="Astar 기능 테스트" classname="com.SWEProject.BackEnd.addOn.AddOnTest" time="0.003"/>
  <testcase name="이동 경로 중 문제 발생 / 오작동 없는 경우" classname="com.SWEProject.BackEnd.addOn.AddOnTest" time="0.017"/>
  <testcase name="이동 경로 생성 / Hidden 없는 경우" classname="com.SWEProject.BackEnd.addOn.AddOnTest" time="0.002"/>
  <system-out><![CDATA[7 7
7 8
8 8
8 9
8 10
현재 위치 : (2, 3)
목표 위치 : (2, 3)
============
현재 위치 : (2, 3)
목표 위치 : (2, 4)
============
현재 위치 : (2, 4)
목표 위치 : (3, 4)
============
현재 위치 : (3, 4)
목표 위치 : (4, 4)
============
(3, 4)
(2, 4)
(3, 4)
(2, 4)
(2, 5)
(2, 6)
(3, 6)
(4, 6)
(5, 6)
(6, 6)
(7, 6)
(7, 7)
(7, 8)
(8, 8)
(8, 9)
(8, 10)
현재 위치 : (3, 4)
목표 위치 : (3, 4)
============
현재 위치 : (3, 4)
목표 위치 : (2, 4)
============
현재 위치 : (2, 4)
목표 위치 : (3, 4)
============
현재 위치 : (3, 4)
목표 위치 : (2, 4)
============
현재 위치 : (2, 4)
목표 위치 : (2, 5)
============
현재 위치 : (2, 6)
목표 위치 : (2, 6)
============
현재 위치 : (2, 6)
목표 위치 : (3, 6)
============
현재 위치 : (3, 6)
목표 위치 : (4, 6)
============
현재 위치 : (4, 6)
목표 위치 : (5, 6)
============
현재 위치 : (5, 6)
목표 위치 : (6, 6)
============
현재 위치 : (6, 6)
목표 위치 : (7, 6)
============
현재 위치 : (7, 6)
목표 위치 : (7, 7)
============
현재 위치 : (7, 7)
목표 위치 : (7, 8)
============
(7, 7)
(7, 6)
(7, 5)
(7, 4)
(6, 4)
(5, 4)
(5, 3)
(4, 3)
(3, 3)
(3, 4)
(2, 4)
(2, 5)
(2, 6)
(3, 6)
(4, 6)
(5, 6)
(6, 6)
(7, 6)
(7, 7)
(8, 7)
(8, 8)
(8, 9)
(8, 10)
현재 위치 : (7, 7)
목표 위치 : (7, 7)
============
현재 위치 : (7, 7)
목표 위치 : (7, 6)
============
현재 위치 : (7, 6)
목표 위치 : (7, 5)
============
(7, 6)
(6, 6)
(6, 5)
(6, 4)
(5, 4)
(5, 3)
(4, 3)
(3, 3)
(3, 4)
(2, 4)
(2, 5)
(2, 6)
(3, 6)
(4, 6)
(5, 6)
(6, 6)
(7, 6)
(7, 7)
(8, 7)
(8, 8)
(8, 9)
(8, 10)
현재 위치 : (7, 6)
목표 위치 : (7, 6)
============
현재 위치 : (7, 6)
목표 위치 : (6, 6)
============
현재 위치 : (6, 6)
목표 위치 : (6, 5)
============
현재 위치 : (6, 5)
목표 위치 : (6, 4)
============
현재 위치 : (6, 4)
목표 위치 : (5, 4)
============
현재 위치 : (5, 4)
목표 위치 : (5, 3)
============
현재 위치 : (5, 3)
목표 위치 : (4, 3)
============
현재 위치 : (4, 3)
목표 위치 : (3, 3)
============
현재 위치 : (3, 3)
목표 위치 : (3, 4)
============
현재 위치 : (3, 4)
목표 위치 : (2, 4)
============
현재 위치 : (2, 4)
목표 위치 : (2, 5)
============
현재 위치 : (2, 5)
목표 위치 : (2, 6)
============
현재 위치 : (2, 6)
목표 위치 : (3, 6)
============
현재 위치 : (3, 6)
목표 위치 : (4, 6)
============
현재 위치 : (4, 6)
목표 위치 : (5, 6)
============
현재 위치 : (5, 6)
목표 위치 : (6, 6)
============
현재 위치 : (6, 6)
목표 위치 : (7, 6)
============
현재 위치 : (7, 6)
목표 위치 : (7, 7)
============
현재 위치 : (7, 7)
목표 위치 : (8, 7)
============
현재 위치 : (8, 7)
목표 위치 : (8, 8)
============
현재 위치 : (8, 8)
목표 위치 : (8, 9)
============
2 3
2 4
3 4
4 4
5 4
6 4
7 4
7 5
7 6
7 7
7 8
8 8
8 9
8 10
]]></system-out>
  <system-err><![CDATA[]]></system-err>
</testsuite>
