<?xml version="1.0" encoding="UTF-8"?>
<testsuite name="com.SWEProject.BackEnd.constants.DirectionTest" tests="1" skipped="0" failures="0" errors="0" timestamp="2023-11-27T07:20:52" hostname="jeongseong-yeobs-MacBook-Pro.local" time="0.037">
  <properties/>
  <testcase name="턴_디렉션_테스트()" classname="com.SWEProject.BackEnd.constants.DirectionTest" time="0.037"/>
  <system-out><![CDATA[]]></system-out>
  <system-err><![CDATA[]]></system-err>
</testsuite>
